/data/data/com.termux/files/home/projects/kevins_digital_space/node_modules/@sentry/cli/js/helper.js:96
  throw new Error(
  ^

Error: Unsupported operating system or architecture! Sentry CLI does not work on this architecture.

Sentry CLI supports:
- Darwin (macOS)
- Linux and FreeBSD on x64, x86, ia32, arm64, and arm architectures
- Windows x64, x86, and ia32 architectures
    at Object.throwUnsupportedPlatformError (/data/data/com.termux/files/home/projects/kevins_digital_space/node_modules/@sentry/cli/js/helper.js:96:9)
    at Object.<anonymous> (/data/data/com.termux/files/home/projects/kevins_digital_space/node_modules/@sentry/cli/scripts/install.js:324:10)
    at Module._compile (node:internal/modules/cjs/loader:1734:14)
    at Module._extensions..js (node:internal/modules/cjs/loader:1899:10)
    at Module.load (node:internal/modules/cjs/loader:1469:32)
    at Module._load (node:internal/modules/cjs/loader:1286:12)
    at TracingChannel.traceSync (node:diagnostics_channel:322:14)
    at wrapModuleLoad (node:internal/modules/cjs/loader:235:24)
    at Function.executeUserEntryPoint [as runMain] (node:internal/modules/run_main:151:5)
    at node:internal/main/run_main_module:33:47

Node.js v23.11.0
npm error code 1
npm error path /data/data/com.termux/files/home/projects/kevins_digital_space/node_modules/@sentry/cli
npm error command failed
npm error command sh -c node ./scripts/install.js
npm error A complete log of this run can be found in: /data/data/com.termux/files/home/.npm-cache/_logs/2025-04-29T15_48_42_755Z-debug-0.log
